<?xml version="1.0" encoding="UTF-8"?>
<!-- Generated by org.testng.reporters.JUnitReportReporter -->
<testsuite skipped="0" hostname="DesignExperts" name="seleniumAdv.TestGroup" tests="4" failures="0" timestamp="23 Sep 2017 05:58:03 GMT" time="0.000" errors="0">
  <testcase name="brinjal1" time="0.000" classname="seleniumAdv.TestGroup"/>
  <testcase name="brinjal" time="0.000" classname="seleniumAdv.TestGroup"/>
  <testcase name="ladysfinger" time="0.000" classname="seleniumAdv.TestGroup"/>
  <testcase name="ladysfinger1" time="0.000" classname="seleniumAdv.TestGroup"/>
</testsuite> <!-- seleniumAdv.TestGroup -->
