<?xml version="1.0" encoding="UTF-8"?>
<!-- Generated by org.testng.reporters.JUnitReportReporter -->
<testsuite skipped="0" hostname="DesignExperts" name="seleniumAdv.MultClass" tests="1" failures="0" timestamp="23 Sep 2017 05:04:05 GMT" time="5.365" errors="0">
  <testcase name="openGoogle" time="5.365" classname="seleniumAdv.MultClass"/>
</testsuite> <!-- seleniumAdv.MultClass -->
