<?xml version="1.0" encoding="UTF-8"?>
<!-- Generated by org.testng.reporters.JUnitReportReporter -->
<testsuite skipped="0" hostname="DesignExperts" name="seleniumAdv.TimeTestng" tests="2" failures="0" timestamp="17 Sep 2017 05:14:17 GMT" time="4.324" errors="0">
  <testcase name="openBing" time="1.523" classname="seleniumAdv.TimeTestng"/>
  <testcase name="openGoogle" time="2.801" classname="seleniumAdv.TimeTestng"/>
</testsuite> <!-- seleniumAdv.TimeTestng -->
