<?xml version="1.0" encoding="UTF-8"?>
<!-- Generated by org.testng.reporters.JUnitReportReporter -->
<testsuite skipped="0" hostname="DesignExperts" name="seleniumAdv.MultClass" tests="1" failures="0" timestamp="17 Sep 2017 06:57:56 GMT" time="5.690" errors="0">
  <testcase name="openGoogle" time="5.690" classname="seleniumAdv.MultClass"/>
</testsuite> <!-- seleniumAdv.MultClass -->
