<?xml version="1.0" encoding="UTF-8"?>
<!-- Generated by org.testng.reporters.JUnitReportReporter -->
<testsuite skipped="0" hostname="DesignExperts" name="seleniumAdv.HandlingDependencies" tests="3" failures="0" timestamp="23 Sep 2017 06:08:56 GMT" time="0.000" errors="0">
  <testcase name="getgoodscore" time="0.000" classname="seleniumAdv.HandlingDependencies"/>
  <testcase name="getjob" time="0.000" classname="seleniumAdv.HandlingDependencies"/>
  <testcase name="puthardwork" time="0.000" classname="seleniumAdv.HandlingDependencies"/>
</testsuite> <!-- seleniumAdv.HandlingDependencies -->
