<?xml version="1.0" encoding="UTF-8"?>
<!-- Generated by org.testng.reporters.JUnitReportReporter -->
<testsuite skipped="1" hostname="DesignExperts" name="seleniumAdv.TestNg" tests="2" failures="0" timestamp="17 Sep 2017 05:51:49 GMT" time="7.495" errors="0">
  <testcase name="Testng1" time="7.495" classname="seleniumAdv.TestNg"/>
  <testcase name="Testng" classname="seleniumAdv.TestNg">
    <skipped/>
  </testcase> <!-- Testng -->
</testsuite> <!-- seleniumAdv.TestNg -->
